Arguments: 
  D:\node\node.exe C:\Program Files (x86)\Yarn\bin\yarn.js add html-webpack-plugin -D

PATH: 
  C:\Windows\system32;C:\Windows;C:\Windows\System32\Wbem;C:\Windows\System32\WindowsPowerShell\v1.0\;D:\node\;C:\Program Files (x86)\Yarn\bin\;D:\git\Git\cmd;D:\WEB\Microsoft VS Code\bin;C:\Users\Administrator\AppData\Roaming\npm;C:\Users\Administrator\AppData\Local\Yarn\bin;C:\Users\Administrator\AppData\Local\GitHubDesktop\bin

Yarn version: 
  1.15.2

Node version: 
  10.15.3

Platform: 
  win32 x64

Trace: 
  Error: ENOENT: no such file or directory, copyfile 'C:\Users\Administrator\AppData\Local\Yarn\Cache\v4\npm-ms-2.1.1-30a5864eb3ebb0a66f2ebe6d727af06a09d86e0a\node_modules\ms\index.js' -> 'C:\Users\Administrator\Desktop\webpack\node_modules\@babel\core\node_modules\ms\index.js'

npm manifest: 
  {
    "name": "webpack",
    "version": "1.0.0",
    "description": "",
    "main": "index.js",
    "scripts": {
      "build": "webpack",
      "dev": "webpack-dev-server"
    },
    "author": "",
    "license": "ISC",
    "devDependencies": {
      "@babel/core": "^7.4.4",
      "@babel/plugin-transform-runtime": "^7.4.4",
      "@babel/preset-env": "^7.4.4",
      "autoprefixer": "^9.5.1",
      "babel-loader": "^8.0.5",
      "clean-webpack-plugin": "^2.0.2",
      "css-loader": "^2.1.1",
      "define-properties": "^1.1.3",
      "file-loader": "^3.0.1",
      "has": "^1.0.3",
      "html-webpack-plugin": "^3.2.0",
      "less-loader": "^5.0.0",
      "node-sass": "^4.12.0",
      "object.getownpropertydescriptors": "^2.0.3",
      "postcss-loader": "^3.0.0",
      "sass-loader": "^7.1.0",
      "style-loader": "^0.23.1",
      "url-loader": "^1.1.2",
      "webpack": "^4.30.0",
      "webpack-cli": "^3.3.1",
      "webpack-dev-server": "^3.3.1"
    },
    "dependencies": {
      "@babel/polyfill": "^7.4.4",
      "@babel/runtime": "^7.4.4",
      "@babel/runtime-corejs2": "^7.4.4"
    }
  }

yarn manifest: 
  No manifest

Lockfile: 
  No lockfile
